2023-10-03T00:10:16.368Z [debug] This is a debug message.
2023-10-03T00:10:16.369Z [http] This is an http message.
2023-10-03T00:10:16.369Z [info] This is an info message.
2023-10-03T00:10:16.369Z [warning] This is a warning message.
2023-10-03T00:10:16.369Z [error] This is an error message.
2023-10-03T00:11:01.554Z [debug] This is a debug message.
2023-10-03T00:11:01.556Z [http] This is an http message.
2023-10-03T00:11:01.556Z [info] This is an info message.
2023-10-03T00:11:01.556Z [warning] This is a warning message.
2023-10-03T00:11:01.556Z [error] This is an error message.
2023-10-03T00:11:01.557Z [fatal] This is a fatal message.
2023-10-03T00:14:09.090Z [debug] This is a debug message.
2023-10-03T00:14:09.091Z [http] This is an http message.
2023-10-03T00:14:09.092Z [info] This is an info message.
2023-10-03T00:14:09.092Z [warning] This is a warning message.
2023-10-03T00:14:09.092Z [error] This is an error message.
2023-10-03T00:14:09.092Z [fatal] This is a fatal message.
2023-10-03T00:26:11.927Z [info] 🚀 Server listening on port 8080
2023-10-03T00:26:13.123Z [info] Conectado a la base de datos de MongoDB!
2023-10-03T00:26:54.622Z [debug] This is a debug message.
2023-10-03T00:26:54.622Z [http] This is an http message.
2023-10-03T00:26:54.623Z [info] This is an info message.
2023-10-03T00:26:54.623Z [warning] This is a warning message.
2023-10-03T00:26:54.623Z [error] This is an error message.
2023-10-03T00:26:54.623Z [fatal] This is a fatal message.
2023-10-11T23:49:58.945Z [info] 🚀 Server listening on port 8080
2023-10-11T23:50:06.861Z [info] Conectado a la base de datos de MongoDB!
2023-10-11T23:53:31.407Z [info] 🚀 Server listening on port 8080
2023-10-11T23:53:38.062Z [info] Conectado a la base de datos de MongoDB!
2023-10-11T23:58:19.264Z [info] 🚀 Server listening on port 8080
2023-10-11T23:58:42.974Z [info] Conectado a la base de datos de MongoDB!
2023-10-12T00:02:12.623Z [info] 🚀 Server listening on port 8080
2023-10-12T00:02:14.753Z [info] Conectado a la base de datos de MongoDB!
2023-10-12T00:11:11.796Z [info] 🚀 Server listening on port 8080
2023-10-12T00:11:14.048Z [info] Conectado a la base de datos de MongoDB!
2023-10-12T00:22:51.998Z [info] 🚀 Server listening on port 8080
2023-10-12T00:22:58.484Z [info] Conectado a la base de datos de MongoDB!
2023-10-12T00:40:42.139Z [info] 🚀 Server listening on port 8080
2023-10-12T00:40:42.147Z [error] querySrv ECONNREFUSED _mongodb._tcp.eCommerce.v0liqcx.mongodb.net
2023-10-12T00:41:22.070Z [info] 🚀 Server listening on port 8080
2023-10-12T00:41:23.152Z [info] Conectado a la base de datos de MongoDB!
2023-10-12T00:55:21.766Z [info] 🚀 Server listening on port 8080
2023-10-12T00:55:23.252Z [info] Conectado a la base de datos de MongoDB!
2023-10-12T02:20:42.235Z [info] 🚀 Server listening on port 8080
2023-10-12T02:20:44.464Z [info] Conectado a la base de datos de MongoDB!
2023-10-12T02:21:01.288Z [error] sendPasswordResetEmail is not a function
2023-10-12T02:23:55.981Z [info] 🚀 Server listening on port 8080
2023-10-12T02:24:05.150Z [info] Conectado a la base de datos de MongoDB!
2023-10-12T02:27:29.915Z [info] 🚀 Server listening on port 8080
2023-10-12T02:27:36.199Z [info] Conectado a la base de datos de MongoDB!
2023-10-12T02:31:49.240Z [info] 🚀 Server listening on port 8080
2023-10-12T02:31:56.257Z [info] Conectado a la base de datos de MongoDB!
2023-10-12T02:33:17.971Z [info] 🚀 Server listening on port 8080
2023-10-12T02:33:32.412Z [info] Conectado a la base de datos de MongoDB!
2023-10-12T02:34:24.140Z [info] 🚀 Server listening on port 8080
2023-10-12T02:34:28.486Z [info] Conectado a la base de datos de MongoDB!
2023-10-12T02:40:09.413Z [info] 🚀 Server listening on port 8080
2023-10-12T02:40:11.491Z [info] Conectado a la base de datos de MongoDB!
2023-10-12T02:44:27.366Z [info] 🚀 Server listening on port 8080
2023-10-12T02:45:21.175Z [info] 🚀 Server listening on port 8080
2023-10-12T02:45:22.598Z [info] Conectado a la base de datos de MongoDB!
2023-10-12T02:53:36.422Z [info] 🚀 Server listening on port 8080
2023-10-12T02:53:51.571Z [info] 🚀 Server listening on port 8080
2023-10-12T02:53:57.005Z [info] Conectado a la base de datos de MongoDB!
2023-10-12T02:54:55.474Z [error] jwt must be provided
2023-10-18T23:11:36.293Z [info] 🚀 Server listening on port 8080
2023-10-18T23:11:37.260Z [info] Conectado a la base de datos de MongoDB!
2023-10-18T23:15:34.224Z [info] 🚀 Server listening on port 8080
2023-10-18T23:15:35.600Z [info] Conectado a la base de datos de MongoDB!
2023-10-18T23:19:45.500Z [info] 🚀 Server listening on port 8080
2023-10-18T23:19:46.629Z [info] Conectado a la base de datos de MongoDB!
2023-10-18T23:45:39.990Z [info] 🚀 Server listening on port 8080
2023-10-18T23:45:40.841Z [info] Conectado a la base de datos de MongoDB!
2023-10-18T23:47:10.253Z [info] 🚀 Server listening on port 8080
2023-10-18T23:47:11.169Z [info] Conectado a la base de datos de MongoDB!
2023-10-18T23:49:56.441Z [info] 🚀 Server listening on port 8080
2023-10-18T23:49:57.313Z [info] Conectado a la base de datos de MongoDB!
2023-10-18T23:51:15.702Z [info] 🚀 Server listening on port 8080
2023-10-18T23:51:16.707Z [info] Conectado a la base de datos de MongoDB!
2023-10-18T23:51:57.033Z [info] 🚀 Server listening on port 8080
2023-10-18T23:51:57.798Z [info] Conectado a la base de datos de MongoDB!
2023-10-18T23:53:59.215Z [info] 🚀 Server listening on port 8080
2023-10-18T23:54:00.266Z [info] Conectado a la base de datos de MongoDB!
2023-10-29T16:22:11.718Z [info] 🚀 Server listening on port 8080
2023-10-29T16:22:12.792Z [info] Conectado a la base de datos de MongoDB!
2023-10-29T16:35:13.631Z [info] 🚀 Server listening on port 8080
2023-10-29T16:35:14.979Z [info] Conectado a la base de datos de MongoDB!
2023-10-29T16:35:52.638Z [error] jwt must be provided
2023-10-29T16:38:48.219Z [error] jwt must be provided
2023-10-29T17:32:16.574Z [info] Conectado a la base de datos de MongoDB!
2023-10-29T17:32:18.433Z [info] Conectado a la base de datos de MongoDB!
2023-10-29T17:38:07.213Z [info] Conectado a la base de datos de MongoDB!
2023-10-29T17:38:08.302Z [info] Conectado a la base de datos de MongoDB!
2023-10-29T17:38:08.577Z [info] Conectado a la base de datos de MongoDB!
2023-10-29T17:38:08.578Z [info] Disconnected from the MongoDB database!
2023-10-29T17:38:08.578Z [info] Disconnected from the MongoDB database!
2023-10-29T17:38:09.483Z [info] Conectado a la base de datos de MongoDB!
2023-10-29T17:38:09.489Z [info] Disconnected from the MongoDB database!
2023-10-29T17:45:34.777Z [info] 🚀 Server listening on port 8080
2023-10-29T17:45:36.012Z [info] Conectado a la base de datos de MongoDB!
2023-10-30T23:21:11.341Z [info] Conectado a la base de datos de MongoDB!
2023-10-30T23:21:12.132Z [info] Conectado a la base de datos de MongoDB!
2023-10-30T23:21:12.350Z [info] Conectado a la base de datos de MongoDB!
2023-10-30T23:21:12.351Z [info] Disconnected from the MongoDB database!
2023-10-30T23:21:12.352Z [info] Disconnected from the MongoDB database!
2023-10-30T23:21:13.550Z [info] Conectado a la base de datos de MongoDB!
2023-10-30T23:21:13.558Z [info] Disconnected from the MongoDB database!
2023-10-30T23:21:43.476Z [info] Conectado a la base de datos de MongoDB!
2023-10-30T23:21:44.522Z [info] Conectado a la base de datos de MongoDB!
2023-10-30T23:21:44.791Z [info] Disconnected from the MongoDB database!
2023-10-30T23:21:47.449Z [info] Conectado a la base de datos de MongoDB!
2023-10-30T23:21:47.450Z [info] Conectado a la base de datos de MongoDB!
2023-10-30T23:21:47.451Z [info] Disconnected from the MongoDB database!
2023-10-30T23:21:47.451Z [info] Disconnected from the MongoDB database!
2023-10-30T23:29:03.783Z [info] Conectado a la base de datos de MongoDB!
2023-10-30T23:29:05.796Z [info] Conectado a la base de datos de MongoDB!
2023-10-30T23:29:05.944Z [info] Conectado a la base de datos de MongoDB!
2023-10-30T23:29:05.954Z [info] Disconnected from the MongoDB database!
2023-10-30T23:29:05.954Z [info] Disconnected from the MongoDB database!
2023-10-30T23:29:05.959Z [info] Disconnected from the MongoDB database!
2023-10-30T23:29:06.823Z [info] Conectado a la base de datos de MongoDB!
2023-10-30T23:34:37.502Z [info] Conectado a la base de datos de MongoDB!
2023-10-30T23:34:38.425Z [info] Conectado a la base de datos de MongoDB!
2023-10-30T23:34:38.618Z [info] Disconnected from the MongoDB database!
2023-10-30T23:34:38.626Z [info] Disconnected from the MongoDB database!
2023-10-30T23:34:38.636Z [info] Disconnected from the MongoDB database!
2023-10-30T23:34:39.475Z [info] Conectado a la base de datos de MongoDB!
2023-10-30T23:34:39.491Z [info] Conectado a la base de datos de MongoDB!
2023-10-30T23:38:52.457Z [info] Conectado a la base de datos de MongoDB!
2023-10-30T23:38:53.491Z [info] Conectado a la base de datos de MongoDB!
2023-10-30T23:38:53.742Z [info] Disconnected from the MongoDB database!
2023-10-30T23:38:53.751Z [info] Disconnected from the MongoDB database!
2023-10-30T23:38:53.761Z [info] Disconnected from the MongoDB database!
2023-10-30T23:38:54.891Z [info] Conectado a la base de datos de MongoDB!
2023-10-30T23:38:54.934Z [info] Conectado a la base de datos de MongoDB!
2023-10-30T23:50:53.264Z [info] Conectado a la base de datos de MongoDB!
2023-10-30T23:50:54.335Z [info] Conectado a la base de datos de MongoDB!
2023-10-30T23:50:54.786Z [info] Disconnected from the MongoDB database!
2023-10-30T23:51:36.979Z [info] Conectado a la base de datos de MongoDB!
2023-10-30T23:51:37.982Z [info] Conectado a la base de datos de MongoDB!
2023-10-30T23:51:38.523Z [info] Disconnected from the MongoDB database!
2023-10-30T23:52:25.724Z [info] Conectado a la base de datos de MongoDB!
2023-10-30T23:52:27.719Z [info] Conectado a la base de datos de MongoDB!
2023-10-30T23:52:28.489Z [info] Disconnected from the MongoDB database!
2023-10-30T23:53:41.167Z [info] Conectado a la base de datos de MongoDB!
2023-10-30T23:53:42.259Z [info] Conectado a la base de datos de MongoDB!
2023-10-30T23:53:42.829Z [info] Disconnected from the MongoDB database!
2023-10-30T23:54:34.325Z [info] Conectado a la base de datos de MongoDB!
2023-10-30T23:54:34.344Z [info] Disconnected from the MongoDB database!
2023-10-30T23:59:45.850Z [info] Conectado a la base de datos de MongoDB!
2023-10-30T23:59:46.863Z [info] Conectado a la base de datos de MongoDB!
2023-10-30T23:59:47.324Z [info] Disconnected from the MongoDB database!
2023-10-31T00:06:53.095Z [info] 🚀 Server listening on port 8080
2023-10-31T00:06:54.248Z [info] Conectado a la base de datos de MongoDB!
2023-10-31T00:07:04.470Z [info] Conectado a la base de datos de MongoDB!
2023-10-31T00:07:05.429Z [info] Conectado a la base de datos de MongoDB!
2023-10-31T00:07:05.958Z [info] Disconnected from the MongoDB database!
2023-10-31T00:08:29.981Z [info] 🚀 Server listening on port 8080
2023-10-31T00:08:31.052Z [info] Conectado a la base de datos de MongoDB!
